2011-10-19T09:57:25+02:00 CRIT (2): exception 'PDOException' with message 'SQLSTATE[42S22]: Column not found: 1054 Unknown column 'sess_time' in 'where clause'' in /usr/local/zend/share/ZendFramework-1.11.10-minimal/library/Zend/Db/Statement/Pdo.php:228
Stack trace:
#0 /usr/local/zend/share/ZendFramework-1.11.10-minimal/library/Zend/Db/Statement/Pdo.php(228): PDOStatement->execute(Array)
#1 /usr/local/zend/share/ZendFramework-1.11.10-minimal/library/Zend/Db/Statement.php(300): Zend_Db_Statement_Pdo->_execute(Array)
#2 /usr/local/zend/share/ZendFramework-1.11.10-minimal/library/Zend/Db/Adapter/Abstract.php(479): Zend_Db_Statement->execute(Array)
#3 /usr/local/zend/share/ZendFramework-1.11.10-minimal/library/Zend/Db/Adapter/Pdo/Abstract.php(238): Zend_Db_Adapter_Abstract->query('DELETE FROM `se...', Array)
#4 /usr/local/zend/share/ZendFramework-1.11.10-minimal/library/Zend/Db/Adapter/Abstract.php(663): Zend_Db_Adapter_Pdo_Abstract->query('DELETE FROM `se...')
#5 /var/www/projet/library/Ip/Session/SaveHandler/Db.php(97): Zend_Db_Adapter_Abstract->delete('session', 'sess_time < DAT...')
#6 /var/www/projet/library/Ip/Session/SaveHandler/Db.php(42): Ip_Session_SaveHandler_Db->gc('3600')
#7 [internal function]: Ip_Session_SaveHandler_Db->open('/var/www/projet...', 'analyticsToken')
#8 /usr/local/zend/share/ZendFramework-1.11.10-minimal/library/Zend/Session.php(469): session_start()
#9 /usr/local/zend/share/ZendFramework-1.11.10-minimal/library/Zend/Session/Namespace.php(143): Zend_Session::start(true)
#10 /var/www/projet/application/Core/controllers/IndexController.php(23): Zend_Session_Namespace->__construct('test')
#11 /usr/local/zend/share/ZendFramework-1.11.10-minimal/library/Zend/Controller/Action.php(516): IndexController->indexAction()
#12 /usr/local/zend/share/ZendFramework-1.11.10-minimal/library/Zend/Controller/Dispatcher/Standard.php(295): Zend_Controller_Action->dispatch('indexAction')
#13 /usr/local/zend/share/ZendFramework-1.11.10-minimal/library/Zend/Controller/Front.php(954): Zend_Controller_Dispatcher_Standard->dispatch(Object(Zend_Controller_Request_Http), Object(Zend_Controller_Response_Http))
#14 /usr/local/zend/share/ZendFramework-1.11.10-minimal/library/Zend/Application/Bootstrap/Bootstrap.php(97): Zend_Controller_Front->dispatch()
#15 /usr/local/zend/share/ZendFramework-1.11.10-minimal/library/Zend/Application.php(366): Zend_Application_Bootstrap_Bootstrap->run()
#16 /var/www/projet/public/index.php(64): Zend_Application->run()
#17 {main}

Next exception 'Zend_Db_Statement_Exception' with message 'SQLSTATE[42S22]: Column not found: 1054 Unknown column 'sess_time' in 'where clause'' in /usr/local/zend/share/ZendFramework-1.11.10-minimal/library/Zend/Db/Statement/Pdo.php:234
Stack trace:
#0 /usr/local/zend/share/ZendFramework-1.11.10-minimal/library/Zend/Db/Statement.php(300): Zend_Db_Statement_Pdo->_execute(Array)
#1 /usr/local/zend/share/ZendFramework-1.11.10-minimal/library/Zend/Db/Adapter/Abstract.php(479): Zend_Db_Statement->execute(Array)
#2 /usr/local/zend/share/ZendFramework-1.11.10-minimal/library/Zend/Db/Adapter/Pdo/Abstract.php(238): Zend_Db_Adapter_Abstract->query('DELETE FROM `se...', Array)
#3 /usr/local/zend/share/ZendFramework-1.11.10-minimal/library/Zend/Db/Adapter/Abstract.php(663): Zend_Db_Adapter_Pdo_Abstract->query('DELETE FROM `se...')
#4 /var/www/projet/library/Ip/Session/SaveHandler/Db.php(97): Zend_Db_Adapter_Abstract->delete('session', 'sess_time < DAT...')
#5 /var/www/projet/library/Ip/Session/SaveHandler/Db.php(42): Ip_Session_SaveHandler_Db->gc('3600')
#6 [internal function]: Ip_Session_SaveHandler_Db->open('/var/www/projet...', 'analyticsToken')
#7 /usr/local/zend/share/ZendFramework-1.11.10-minimal/library/Zend/Session.php(469): session_start()
#8 /usr/local/zend/share/ZendFramework-1.11.10-minimal/library/Zend/Session/Namespace.php(143): Zend_Session::start(true)
#9 /var/www/projet/application/Core/controllers/IndexController.php(23): Zend_Session_Namespace->__construct('test')
#10 /usr/local/zend/share/ZendFramework-1.11.10-minimal/library/Zend/Controller/Action.php(516): IndexController->indexAction()
#11 /usr/local/zend/share/ZendFramework-1.11.10-minimal/library/Zend/Controller/Dispatcher/Standard.php(295): Zend_Controller_Action->dispatch('indexAction')
#12 /usr/local/zend/share/ZendFramework-1.11.10-minimal/library/Zend/Controller/Front.php(954): Zend_Controller_Dispatcher_Standard->dispatch(Object(Zend_Controller_Request_Http), Object(Zend_Controller_Response_Http))
#13 /usr/local/zend/share/ZendFramework-1.11.10-minimal/library/Zend/Application/Bootstrap/Bootstrap.php(97): Zend_Controller_Front->dispatch()
#14 /usr/local/zend/share/ZendFramework-1.11.10-minimal/library/Zend/Application.php(366): Zend_Application_Bootstrap_Bootstrap->run()
#15 /var/www/projet/public/index.php(64): Zend_Application->run()
#16 {main}
2011-10-19T09:57:25+02:00 CRIT (2): array
2011-10-19T11:03:37+02:00 NOTICE (5): exception 'Zend_Controller_Dispatcher_Exception' with message 'Invalid controller specified (images)' in /usr/local/zend/share/ZendFramework-1.11.10-minimal/library/Zend/Controller/Dispatcher/Standard.php:248
Stack trace:
#0 /usr/local/zend/share/ZendFramework-1.11.10-minimal/library/Zend/Controller/Front.php(954): Zend_Controller_Dispatcher_Standard->dispatch(Object(Zend_Controller_Request_Http), Object(Zend_Controller_Response_Http))
#1 /usr/local/zend/share/ZendFramework-1.11.10-minimal/library/Zend/Application/Bootstrap/Bootstrap.php(97): Zend_Controller_Front->dispatch()
#2 /usr/local/zend/share/ZendFramework-1.11.10-minimal/library/Zend/Application.php(366): Zend_Application_Bootstrap_Bootstrap->run()
#3 /var/www/projet/public/index.php(64): Zend_Application->run()
#4 {main}
2011-10-19T11:03:37+02:00 NOTICE (5): array
2011-10-19T11:03:39+02:00 NOTICE (5): exception 'Zend_Controller_Dispatcher_Exception' with message 'Invalid controller specified (images)' in /usr/local/zend/share/ZendFramework-1.11.10-minimal/library/Zend/Controller/Dispatcher/Standard.php:248
Stack trace:
#0 /usr/local/zend/share/ZendFramework-1.11.10-minimal/library/Zend/Controller/Front.php(954): Zend_Controller_Dispatcher_Standard->dispatch(Object(Zend_Controller_Request_Http), Object(Zend_Controller_Response_Http))
#1 /usr/local/zend/share/ZendFramework-1.11.10-minimal/library/Zend/Application/Bootstrap/Bootstrap.php(97): Zend_Controller_Front->dispatch()
#2 /usr/local/zend/share/ZendFramework-1.11.10-minimal/library/Zend/Application.php(366): Zend_Application_Bootstrap_Bootstrap->run()
#3 /var/www/projet/public/index.php(64): Zend_Application->run()
#4 {main}
2011-10-19T11:03:39+02:00 NOTICE (5): array
2011-10-19T14:50:37+02:00 NOTICE (5): exception 'Zend_Controller_Action_Exception' with message 'Action "authform" does not exist and was not trapped in __call()' in /usr/local/zend/share/ZendFramework-1.11.10-minimal/library/Zend/Controller/Action.php:485
Stack trace:
#0 /usr/local/zend/share/ZendFramework-1.11.10-minimal/library/Zend/Controller/Action.php(518): Zend_Controller_Action->__call('authformAction', Array)
#1 /usr/local/zend/share/ZendFramework-1.11.10-minimal/library/Zend/Controller/Dispatcher/Standard.php(295): Zend_Controller_Action->dispatch('authformAction')
#2 /usr/local/zend/share/ZendFramework-1.11.10-minimal/library/Zend/Controller/Front.php(954): Zend_Controller_Dispatcher_Standard->dispatch(Object(Zend_Controller_Request_Http), Object(Zend_Controller_Response_Http))
#3 /usr/local/zend/share/ZendFramework-1.11.10-minimal/library/Zend/Application/Bootstrap/Bootstrap.php(97): Zend_Controller_Front->dispatch()
#4 /usr/local/zend/share/ZendFramework-1.11.10-minimal/library/Zend/Application.php(366): Zend_Application_Bootstrap_Bootstrap->run()
#5 /var/www/projet/public/index.php(64): Zend_Application->run()
#6 {main}
2011-10-19T14:50:37+02:00 NOTICE (5): array
2011-10-19T15:24:37+02:00 NOTICE (5): exception 'Zend_Controller_Dispatcher_Exception' with message 'Invalid controller specified (login)' in /usr/local/zend/share/ZendFramework-1.11.10-minimal/library/Zend/Controller/Dispatcher/Standard.php:248
Stack trace:
#0 /usr/local/zend/share/ZendFramework-1.11.10-minimal/library/Zend/Controller/Front.php(954): Zend_Controller_Dispatcher_Standard->dispatch(Object(Zend_Controller_Request_Http), Object(Zend_Controller_Response_Http))
#1 /usr/local/zend/share/ZendFramework-1.11.10-minimal/library/Zend/Application/Bootstrap/Bootstrap.php(97): Zend_Controller_Front->dispatch()
#2 /usr/local/zend/share/ZendFramework-1.11.10-minimal/library/Zend/Application.php(366): Zend_Application_Bootstrap_Bootstrap->run()
#3 /var/www/projet/public/index.php(64): Zend_Application->run()
#4 {main}
2011-10-19T15:24:37+02:00 NOTICE (5): array
2011-10-19T16:28:02+02:00 CRIT (2): exception 'Zend_View_Exception' with message 'script 'login.phtml' not found in path (/var/www/projet/application/Core/layouts/:/var/www/projet/application/Core/views/scripts/)' in /usr/local/zend/share/ZendFramework-1.11.10-minimal/library/Zend/View/Abstract.php:988
Stack trace:
#0 /usr/local/zend/share/ZendFramework-1.11.10-minimal/library/Zend/View/Abstract.php(884): Zend_View_Abstract->_script('login.phtml')
#1 /usr/local/zend/share/ZendFramework-1.11.10-minimal/library/Zend/Layout.php(796): Zend_View_Abstract->render('login.phtml')
#2 /usr/local/zend/share/ZendFramework-1.11.10-minimal/library/Zend/Layout/Controller/Plugin/Layout.php(143): Zend_Layout->render()
#3 /usr/local/zend/share/ZendFramework-1.11.10-minimal/library/Zend/Controller/Plugin/Broker.php(333): Zend_Layout_Controller_Plugin_Layout->postDispatch(Object(Zend_Controller_Request_Http))
#4 /usr/local/zend/share/ZendFramework-1.11.10-minimal/library/Zend/Controller/Front.php(965): Zend_Controller_Plugin_Broker->postDispatch(Object(Zend_Controller_Request_Http))
#5 /usr/local/zend/share/ZendFramework-1.11.10-minimal/library/Zend/Application/Bootstrap/Bootstrap.php(97): Zend_Controller_Front->dispatch()
#6 /usr/local/zend/share/ZendFramework-1.11.10-minimal/library/Zend/Application.php(366): Zend_Application_Bootstrap_Bootstrap->run()
#7 /var/www/projet/public/index.php(64): Zend_Application->run()
#8 {main}
2011-10-19T16:28:02+02:00 CRIT (2): array
2011-10-19T16:28:22+02:00 CRIT (2): exception 'Zend_View_Exception' with message 'script 'login.phtml' not found in path (/var/www/projet/application/Core/layouts/:/var/www/projet/application/Core/views/scripts/)' in /usr/local/zend/share/ZendFramework-1.11.10-minimal/library/Zend/View/Abstract.php:988
Stack trace:
#0 /usr/local/zend/share/ZendFramework-1.11.10-minimal/library/Zend/View/Abstract.php(884): Zend_View_Abstract->_script('login.phtml')
#1 /usr/local/zend/share/ZendFramework-1.11.10-minimal/library/Zend/Layout.php(796): Zend_View_Abstract->render('login.phtml')
#2 /usr/local/zend/share/ZendFramework-1.11.10-minimal/library/Zend/Layout/Controller/Plugin/Layout.php(143): Zend_Layout->render()
#3 /usr/local/zend/share/ZendFramework-1.11.10-minimal/library/Zend/Controller/Plugin/Broker.php(333): Zend_Layout_Controller_Plugin_Layout->postDispatch(Object(Zend_Controller_Request_Http))
#4 /usr/local/zend/share/ZendFramework-1.11.10-minimal/library/Zend/Controller/Front.php(965): Zend_Controller_Plugin_Broker->postDispatch(Object(Zend_Controller_Request_Http))
#5 /usr/local/zend/share/ZendFramework-1.11.10-minimal/library/Zend/Application/Bootstrap/Bootstrap.php(97): Zend_Controller_Front->dispatch()
#6 /usr/local/zend/share/ZendFramework-1.11.10-minimal/library/Zend/Application.php(366): Zend_Application_Bootstrap_Bootstrap->run()
#7 /var/www/projet/public/index.php(64): Zend_Application->run()
#8 {main}
2011-10-19T16:28:22+02:00 CRIT (2): array
