2011-10-19T12:14:50+02:00 NOTICE (5): Untranslated message within 'fr': Menu_home
2011-10-19T12:14:50+02:00 NOTICE (5): Untranslated message within 'fr': Menu_home
2011-10-19T12:14:51+02:00 NOTICE (5): Untranslated message within 'fr': Menu_home
2011-10-19T12:14:51+02:00 NOTICE (5): Untranslated message within 'fr': Menu_home
2011-10-19T12:15:47+02:00 NOTICE (5): Untranslated message within 'fr': Menu_home
2011-10-19T12:15:47+02:00 NOTICE (5): Untranslated message within 'fr': Menu_home
2011-10-19T12:16:09+02:00 NOTICE (5): Untranslated message within 'fr': Menu_home
2011-10-19T12:16:09+02:00 NOTICE (5): Untranslated message within 'fr': Menu_home
2011-10-19T12:16:09+02:00 NOTICE (5): Untranslated message within 'fr': Menu_home
2011-10-19T12:16:09+02:00 NOTICE (5): Untranslated message within 'fr': Menu_home
2011-10-19T12:16:11+02:00 NOTICE (5): Untranslated message within 'fr': Menu_home
2011-10-19T12:16:11+02:00 NOTICE (5): Untranslated message within 'fr': Menu_home
2011-10-19T12:24:38+02:00 NOTICE (5): Untranslated message within 'en': home_welcome_message
2011-10-19T12:24:38+02:00 NOTICE (5): Untranslated message within 'en': Home
2011-10-19T12:24:38+02:00 NOTICE (5): Untranslated message within 'en': Home
2011-10-19T13:49:34+02:00 NOTICE (5): Untranslated message within 'en': home_welcome_message
2011-10-19T13:49:34+02:00 NOTICE (5): Untranslated message within 'en': Home
2011-10-19T13:49:34+02:00 NOTICE (5): Untranslated message within 'en': Home
2011-10-19T13:49:55+02:00 NOTICE (5): Untranslated message within 'en': home_welcome_message
2011-10-19T13:49:55+02:00 NOTICE (5): Untranslated message within 'en': Home
2011-10-19T13:49:55+02:00 NOTICE (5): Untranslated message within 'en': Home
2011-10-19T13:49:55+02:00 NOTICE (5): Untranslated message within 'en': home_welcome_message
2011-10-19T13:49:55+02:00 NOTICE (5): Untranslated message within 'en': Home
2011-10-19T13:49:55+02:00 NOTICE (5): Untranslated message within 'en': Home
2011-10-19T13:49:57+02:00 NOTICE (5): Untranslated message within 'en': home_welcome_message
2011-10-19T13:49:57+02:00 NOTICE (5): Untranslated message within 'en': Home
2011-10-19T13:49:57+02:00 NOTICE (5): Untranslated message within 'en': Home
2011-10-19T13:50:05+02:00 NOTICE (5): Untranslated message within 'en': home_welcome_message
2011-10-19T13:50:05+02:00 NOTICE (5): Untranslated message within 'en': Home
2011-10-19T13:50:05+02:00 NOTICE (5): Untranslated message within 'en': Home
2011-10-19T13:51:02+02:00 NOTICE (5): Untranslated message within 'en': home_welcome_message
2011-10-19T13:51:02+02:00 NOTICE (5): Untranslated message within 'en': Home
2011-10-19T13:51:02+02:00 NOTICE (5): Untranslated message within 'en': Home
2011-10-19T13:51:46+02:00 NOTICE (5): Untranslated message within 'en': home_welcome_message
2011-10-19T13:51:46+02:00 NOTICE (5): Untranslated message within 'en': Home
2011-10-19T13:51:46+02:00 NOTICE (5): Untranslated message within 'en': Home
2011-10-19T13:51:49+02:00 NOTICE (5): Untranslated message within 'en': home_welcome_message
2011-10-19T13:51:49+02:00 NOTICE (5): Untranslated message within 'en': Home
2011-10-19T13:51:49+02:00 NOTICE (5): Untranslated message within 'en': Home
2011-10-19T13:51:50+02:00 NOTICE (5): Untranslated message within 'en': home_welcome_message
2011-10-19T13:51:50+02:00 NOTICE (5): Untranslated message within 'en': Home
2011-10-19T13:51:50+02:00 NOTICE (5): Untranslated message within 'en': Home
2011-10-19T13:52:09+02:00 NOTICE (5): Untranslated message within 'en': home_welcome_message
2011-10-19T13:52:09+02:00 NOTICE (5): Untranslated message within 'en': Home
2011-10-19T13:52:09+02:00 NOTICE (5): Untranslated message within 'en': Home
2011-10-19T13:52:32+02:00 NOTICE (5): Untranslated message within 'en': home welcome message
2011-10-19T13:52:32+02:00 NOTICE (5): Untranslated message within 'en': Home
2011-10-19T13:52:32+02:00 NOTICE (5): Untranslated message within 'en': Home
2011-10-19T15:24:16+02:00 NOTICE (5): Untranslated message within 'fr': 
2011-10-19T15:24:16+02:00 NOTICE (5): Untranslated message within 'fr': 
2011-10-19T15:24:16+02:00 NOTICE (5): Untranslated message within 'fr': 
2011-10-19T15:24:16+02:00 NOTICE (5): Untranslated message within 'fr': submit
2011-10-19T16:05:55+02:00 NOTICE (5): Untranslated message within 'fr': 
2011-10-19T16:05:55+02:00 NOTICE (5): Untranslated message within 'fr': 
2011-10-19T16:05:55+02:00 NOTICE (5): Untranslated message within 'fr': 
2011-10-19T16:05:55+02:00 NOTICE (5): Untranslated message within 'fr': submit
2011-10-19T16:08:45+02:00 NOTICE (5): Untranslated message within 'fr': 
2011-10-19T16:08:45+02:00 NOTICE (5): Untranslated message within 'fr': 
2011-10-19T16:08:45+02:00 NOTICE (5): Untranslated message within 'fr': 
2011-10-19T16:08:45+02:00 NOTICE (5): Untranslated message within 'fr': submit
2011-10-19T16:08:47+02:00 NOTICE (5): Untranslated message within 'fr': 
2011-10-19T16:08:47+02:00 NOTICE (5): Untranslated message within 'fr': 
2011-10-19T16:08:47+02:00 NOTICE (5): Untranslated message within 'fr': 
2011-10-19T16:08:47+02:00 NOTICE (5): Untranslated message within 'fr': submit
2011-10-19T16:08:52+02:00 NOTICE (5): Untranslated message within 'fr': 
2011-10-19T16:08:52+02:00 NOTICE (5): Untranslated message within 'fr': 
2011-10-19T16:08:52+02:00 NOTICE (5): Untranslated message within 'fr': 
2011-10-19T16:08:52+02:00 NOTICE (5): Untranslated message within 'fr': submit
2011-10-19T16:28:02+02:00 NOTICE (5): Untranslated message within 'fr': 
2011-10-19T16:28:02+02:00 NOTICE (5): Untranslated message within 'fr': 
2011-10-19T16:28:02+02:00 NOTICE (5): Untranslated message within 'fr': 
2011-10-19T16:28:02+02:00 NOTICE (5): Untranslated message within 'fr': submit
2011-10-19T16:28:22+02:00 NOTICE (5): Untranslated message within 'fr': 
2011-10-19T16:28:22+02:00 NOTICE (5): Untranslated message within 'fr': 
2011-10-19T16:28:22+02:00 NOTICE (5): Untranslated message within 'fr': 
2011-10-19T16:28:22+02:00 NOTICE (5): Untranslated message within 'fr': submit
2011-10-19T16:28:56+02:00 NOTICE (5): Untranslated message within 'fr': 
2011-10-19T16:28:56+02:00 NOTICE (5): Untranslated message within 'fr': 
2011-10-19T16:28:56+02:00 NOTICE (5): Untranslated message within 'fr': 
2011-10-19T16:28:56+02:00 NOTICE (5): Untranslated message within 'fr': submit
2011-10-19T16:29:34+02:00 NOTICE (5): Untranslated message within 'fr': 
2011-10-19T16:29:34+02:00 NOTICE (5): Untranslated message within 'fr': 
2011-10-19T16:29:34+02:00 NOTICE (5): Untranslated message within 'fr': 
2011-10-19T16:29:34+02:00 NOTICE (5): Untranslated message within 'fr': submit
2011-10-19T16:29:50+02:00 NOTICE (5): Untranslated message within 'fr': 
2011-10-19T16:29:50+02:00 NOTICE (5): Untranslated message within 'fr': 
2011-10-19T16:29:50+02:00 NOTICE (5): Untranslated message within 'fr': 
2011-10-19T16:29:50+02:00 NOTICE (5): Untranslated message within 'fr': submit
2011-10-19T16:30:06+02:00 NOTICE (5): Untranslated message within 'fr': 
2011-10-19T16:30:06+02:00 NOTICE (5): Untranslated message within 'fr': 
2011-10-19T16:30:06+02:00 NOTICE (5): Untranslated message within 'fr': 
2011-10-19T16:30:06+02:00 NOTICE (5): Untranslated message within 'fr': submit
2011-10-19T16:34:18+02:00 NOTICE (5): Untranslated message within 'fr': Login_form_username_label
2011-10-19T16:34:18+02:00 NOTICE (5): Untranslated message within 'fr': Login_form_username_label
2011-10-19T16:34:18+02:00 NOTICE (5): Untranslated message within 'fr': Login_form_username_label
2011-10-19T16:34:18+02:00 NOTICE (5): Untranslated message within 'fr': Login_form_username_label
2011-10-19T16:34:18+02:00 NOTICE (5): Untranslated message within 'fr': 
2011-10-19T16:34:18+02:00 NOTICE (5): Untranslated message within 'fr': submit
2011-10-19T16:37:54+02:00 NOTICE (5): Untranslated message within 'fr': Login
2011-10-19T16:37:54+02:00 NOTICE (5): Untranslated message within 'fr': Password
2011-10-19T16:47:04+02:00 NOTICE (5): Untranslated message within 'fr': Login
2011-10-19T16:47:04+02:00 NOTICE (5): Untranslated message within 'fr': Password
2011-10-19T16:48:15+02:00 NOTICE (5): Untranslated message within 'fr': Password
2011-10-19T16:50:39+02:00 NOTICE (5): Untranslated message within 'fr': Login
2011-10-19T16:54:11+02:00 NOTICE (5): Untranslated message within 'fr': Login
2011-10-19T16:57:49+02:00 NOTICE (5): Untranslated message within 'fr': Login
2011-10-19T16:57:49+02:00 NOTICE (5): Untranslated message within 'fr': Password
2011-10-19T16:59:24+02:00 NOTICE (5): Untranslated message within 'fr': Login
2011-10-19T16:59:24+02:00 NOTICE (5): Untranslated message within 'fr': Password
2011-10-19T17:01:35+02:00 NOTICE (5): Untranslated message within 'fr': Login
2011-10-19T17:01:35+02:00 NOTICE (5): Untranslated message within 'fr': Password
2011-10-19T17:02:55+02:00 NOTICE (5): Untranslated message within 'fr': Login
2011-10-19T17:02:55+02:00 NOTICE (5): Untranslated message within 'fr': Password
2011-10-19T17:04:20+02:00 NOTICE (5): Untranslated message within 'fr': Login
2011-10-19T17:04:20+02:00 NOTICE (5): Untranslated message within 'fr': Password
2011-10-19T17:04:21+02:00 NOTICE (5): Untranslated message within 'fr': Login
2011-10-19T17:04:21+02:00 NOTICE (5): Untranslated message within 'fr': Password
2011-10-19T17:04:41+02:00 NOTICE (5): Untranslated message within 'fr': Login
2011-10-19T17:04:41+02:00 NOTICE (5): Untranslated message within 'fr': Password
2011-10-19T17:06:00+02:00 NOTICE (5): Untranslated message within 'fr': Indiquer votre login
2011-10-19T17:06:00+02:00 NOTICE (5): Untranslated message within 'fr': Login
2011-10-19T17:06:00+02:00 NOTICE (5): Untranslated message within 'fr': Password
2011-10-19T17:07:50+02:00 NOTICE (5): Untranslated message within 'fr': Indiquer votre login
2011-10-19T17:07:50+02:00 NOTICE (5): Untranslated message within 'fr': Login
2011-10-19T17:07:50+02:00 NOTICE (5): Untranslated message within 'fr': Password
2011-10-19T17:10:26+02:00 NOTICE (5): Untranslated message within 'fr': Login
2011-10-19T17:10:26+02:00 NOTICE (5): Untranslated message within 'fr': Password
2011-10-19T17:13:21+02:00 NOTICE (5): Untranslated message within 'fr': Login
2011-10-19T17:13:21+02:00 NOTICE (5): Untranslated message within 'fr': Password
2011-10-19T17:14:23+02:00 NOTICE (5): Untranslated message within 'fr': Login
2011-10-19T17:14:23+02:00 NOTICE (5): Untranslated message within 'fr': Password
2011-10-19T17:15:02+02:00 NOTICE (5): Untranslated message within 'fr': Login
2011-10-19T17:15:02+02:00 NOTICE (5): Untranslated message within 'fr': Password
2011-10-19T17:21:09+02:00 NOTICE (5): Untranslated message within 'fr': Login
2011-10-19T17:21:09+02:00 NOTICE (5): Untranslated message within 'fr': Password
2011-10-19T17:24:30+02:00 NOTICE (5): Untranslated message within 'fr': Login
2011-10-19T17:24:30+02:00 NOTICE (5): Untranslated message within 'fr': Password
2011-10-19T17:26:56+02:00 NOTICE (5): Untranslated message within 'fr': Login
2011-10-19T17:26:56+02:00 NOTICE (5): Untranslated message within 'fr': Password
2011-10-20T09:02:25+02:00 NOTICE (5): Untranslated message within 'fr': Login
2011-10-20T09:02:25+02:00 NOTICE (5): Untranslated message within 'fr': Password
2011-10-20T09:44:39+02:00 NOTICE (5): Untranslated message within 'fr': Votre identifiant
2011-10-20T09:44:39+02:00 NOTICE (5): Untranslated message within 'fr': Votre mot de passe
2011-10-20T09:44:42+02:00 NOTICE (5): Untranslated message within 'fr': Votre identifiant
2011-10-20T09:44:42+02:00 NOTICE (5): Untranslated message within 'fr': Votre mot de passe
2011-10-20T09:46:01+02:00 NOTICE (5): Untranslated message within 'fr': Votre identifiant
2011-10-20T09:46:01+02:00 NOTICE (5): Untranslated message within 'fr': Votre mot de passe
2011-10-20T09:47:57+02:00 NOTICE (5): Untranslated message within 'fr': Votre identifiant
2011-10-20T09:47:57+02:00 NOTICE (5): Untranslated message within 'fr': Votre mot de passe
2011-10-20T09:47:58+02:00 NOTICE (5): Untranslated message within 'fr': Votre identifiant
2011-10-20T09:47:58+02:00 NOTICE (5): Untranslated message within 'fr': Votre mot de passe
2011-10-20T09:48:03+02:00 NOTICE (5): Untranslated message within 'fr': Votre identifiant
2011-10-20T09:48:03+02:00 NOTICE (5): Untranslated message within 'fr': Votre mot de passe
2011-10-20T09:48:12+02:00 NOTICE (5): Untranslated message within 'fr': Votre identifiant
2011-10-20T09:48:12+02:00 NOTICE (5): Untranslated message within 'fr': Votre mot de passe
2011-10-20T09:51:56+02:00 NOTICE (5): Untranslated message within 'fr': Votre identifiant
2011-10-20T09:51:56+02:00 NOTICE (5): Untranslated message within 'fr': Votre mot de passe
2011-10-20T11:30:46+02:00 NOTICE (5): Untranslated message within 'fr': Votre identifiant
2011-10-20T11:30:46+02:00 NOTICE (5): Untranslated message within 'fr': Votre mot de passe
2011-10-20T11:30:51+02:00 NOTICE (5): Untranslated message within 'fr': Votre identifiant
2011-10-20T11:30:51+02:00 NOTICE (5): Untranslated message within 'fr': Votre mot de passe
2011-10-20T11:30:55+02:00 NOTICE (5): Untranslated message within 'fr': Votre identifiant
2011-10-20T11:30:55+02:00 NOTICE (5): Untranslated message within 'fr': Votre mot de passe
2011-10-20T11:32:57+02:00 NOTICE (5): Untranslated message within 'fr': Votre identifiant
2011-10-20T11:32:57+02:00 NOTICE (5): Untranslated message within 'fr': Votre mot de passe
2011-10-20T11:33:03+02:00 NOTICE (5): Untranslated message within 'fr': Votre identifiant
2011-10-20T11:33:03+02:00 NOTICE (5): Untranslated message within 'fr': Votre mot de passe
2011-10-20T11:33:10+02:00 NOTICE (5): Untranslated message within 'fr': Votre identifiant
2011-10-20T11:33:10+02:00 NOTICE (5): Untranslated message within 'fr': Votre mot de passe
2011-10-20T11:36:55+02:00 NOTICE (5): Untranslated message within 'fr': Votre identifiant
2011-10-20T11:36:55+02:00 NOTICE (5): Untranslated message within 'fr': Votre mot de passe
2011-10-20T11:38:39+02:00 NOTICE (5): Untranslated message within 'fr': Votre identifiant
2011-10-20T11:38:39+02:00 NOTICE (5): Untranslated message within 'fr': Votre mot de passe
2011-10-20T11:55:25+02:00 NOTICE (5): Untranslated message within 'fr': Votre identifiant
2011-10-20T11:55:25+02:00 NOTICE (5): Untranslated message within 'fr': Votre mot de passe
2011-10-20T11:55:31+02:00 NOTICE (5): Untranslated message within 'fr': Votre identifiant
2011-10-20T11:55:31+02:00 NOTICE (5): Untranslated message within 'fr': Votre mot de passe
2011-10-20T11:56:15+02:00 NOTICE (5): Untranslated message within 'fr': Votre identifiant
2011-10-20T11:56:15+02:00 NOTICE (5): Untranslated message within 'fr': Votre mot de passe
2011-10-20T11:56:18+02:00 NOTICE (5): Untranslated message within 'fr': Votre identifiant
2011-10-20T11:56:18+02:00 NOTICE (5): Untranslated message within 'fr': Votre mot de passe
2011-10-20T11:58:01+02:00 NOTICE (5): Untranslated message within 'fr': Votre identifiant
2011-10-20T11:58:01+02:00 NOTICE (5): Untranslated message within 'fr': Votre mot de passe
2011-10-20T11:58:24+02:00 NOTICE (5): Untranslated message within 'fr': home welcome message
2011-10-20T11:58:24+02:00 NOTICE (5): Untranslated message within 'fr': Home
2011-10-20T11:58:24+02:00 NOTICE (5): Untranslated message within 'fr': Home
2011-10-20T11:59:17+02:00 NOTICE (5): Untranslated message within 'en': home welcome message
2011-10-20T11:59:17+02:00 NOTICE (5): Untranslated message within 'en': Home
2011-10-20T11:59:17+02:00 NOTICE (5): Untranslated message within 'en': Home
2011-10-20T11:59:21+02:00 NOTICE (5): Untranslated message within 'fr': home welcome message
2011-10-20T11:59:21+02:00 NOTICE (5): Untranslated message within 'fr': Home
2011-10-20T11:59:21+02:00 NOTICE (5): Untranslated message within 'fr': Home
2011-10-20T12:00:10+02:00 NOTICE (5): Untranslated message within 'fr': Home
2011-10-20T12:00:10+02:00 NOTICE (5): Untranslated message within 'fr': Home
2011-10-20T12:01:48+02:00 NOTICE (5): Untranslated message within 'fr': Votre identifiant
2011-10-20T12:01:48+02:00 NOTICE (5): Untranslated message within 'fr': Votre mot de passe
2011-10-20T12:10:37+02:00 NOTICE (5): Untranslated message within 'fr': Votre identifiant
2011-10-20T12:10:37+02:00 NOTICE (5): Untranslated message within 'fr': Votre mot de passe
2011-10-20T12:10:40+02:00 NOTICE (5): Untranslated message within 'fr': Home
2011-10-20T12:10:40+02:00 NOTICE (5): Untranslated message within 'fr': Home
2011-10-20T12:12:56+02:00 NOTICE (5): Untranslated message within 'fr': Home
2011-10-20T12:12:56+02:00 NOTICE (5): Untranslated message within 'fr': Home
2011-10-20T12:13:25+02:00 NOTICE (5): Untranslated message within 'fr': Home
2011-10-20T12:13:25+02:00 NOTICE (5): Untranslated message within 'fr': Home
2011-10-20T12:16:43+02:00 NOTICE (5): Untranslated message within 'fr': Votre identifiant
2011-10-20T12:16:43+02:00 NOTICE (5): Untranslated message within 'fr': Votre mot de passe
2011-10-20T12:16:51+02:00 NOTICE (5): Untranslated message within 'fr': Home
2011-10-20T12:16:51+02:00 NOTICE (5): Untranslated message within 'fr': Home
2011-10-20T12:16:57+02:00 NOTICE (5): Untranslated message within 'fr': Votre identifiant
2011-10-20T12:16:57+02:00 NOTICE (5): Untranslated message within 'fr': Votre mot de passe
2011-10-20T12:19:25+02:00 NOTICE (5): Untranslated message within 'fr': Votre identifiant
2011-10-20T12:19:25+02:00 NOTICE (5): Untranslated message within 'fr': Votre mot de passe
2011-10-20T12:27:07+02:00 NOTICE (5): Untranslated message within 'fr': Votre identifiant
2011-10-20T12:27:07+02:00 NOTICE (5): Untranslated message within 'fr': Votre mot de passe
2011-10-20T12:30:41+02:00 NOTICE (5): Untranslated message within 'fr': Votre identifiant
2011-10-20T12:30:41+02:00 NOTICE (5): Untranslated message within 'fr': Votre mot de passe
2011-10-20T12:30:47+02:00 NOTICE (5): Untranslated message within 'fr': Home
2011-10-20T12:30:47+02:00 NOTICE (5): Untranslated message within 'fr': Menu_logout
2011-10-20T12:30:47+02:00 NOTICE (5): Untranslated message within 'fr': Home
2011-10-20T12:30:51+02:00 NOTICE (5): Untranslated message within 'fr': Votre identifiant
2011-10-20T12:30:51+02:00 NOTICE (5): Untranslated message within 'fr': Votre mot de passe
2011-10-20T12:33:35+02:00 NOTICE (5): Untranslated message within 'fr': Home
2011-10-20T12:33:35+02:00 NOTICE (5): Untranslated message within 'fr': Menu_logout
2011-10-20T12:33:35+02:00 NOTICE (5): Untranslated message within 'fr': Home
2011-10-20T14:04:33+02:00 NOTICE (5): Untranslated message within 'fr': Votre identifiant
2011-10-20T14:04:33+02:00 NOTICE (5): Untranslated message within 'fr': Votre mot de passe
2011-10-20T14:04:39+02:00 NOTICE (5): Untranslated message within 'fr': Votre identifiant
2011-10-20T14:04:39+02:00 NOTICE (5): Untranslated message within 'fr': Votre mot de passe
2011-10-20T14:33:41+02:00 NOTICE (5): Untranslated message within 'fr': Votre identifiant
2011-10-20T14:33:41+02:00 NOTICE (5): Untranslated message within 'fr': Votre mot de passe
2011-10-20T14:33:49+02:00 NOTICE (5): Untranslated message within 'fr': Home
2011-10-20T14:33:49+02:00 NOTICE (5): Untranslated message within 'fr': Home
2011-10-20T14:33:49+02:00 NOTICE (5): Untranslated message within 'fr': menu_logout
2011-10-20T14:34:37+02:00 NOTICE (5): Untranslated message within 'fr': Home
2011-10-20T14:34:37+02:00 NOTICE (5): Untranslated message within 'fr': Home
2011-10-20T14:41:39+02:00 NOTICE (5): Untranslated message within 'fr': Home
2011-10-20T14:41:39+02:00 NOTICE (5): Untranslated message within 'fr': Home
